\\.\CTXSBX
\\viking\home\jvillegas\My Documents\Visual Studio 2010\Projects\ZString\Debug\ZString.exe
\\viking\home\jvillegas\My Documents\Visual Studio 2010\Projects\ZString\Debug\ZString.ilk
\\VIKING\HOME\JVILLEGAS\MY DOCUMENTS\VISUAL STUDIO 2010\PROJECTS\ZSTRING\DEBUG\ZSTRING.PDB
\\viking\home\jvillegas\My Documents\Visual Studio 2010\Projects\ZString\ZString\Debug\cl.command.1.tlog
\\viking\home\jvillegas\My Documents\Visual Studio 2010\Projects\ZString\ZString\Debug\CL.read.1.tlog
\\viking\home\jvillegas\My Documents\Visual Studio 2010\Projects\ZString\ZString\Debug\CL.write.1.tlog
\\viking\home\jvillegas\My Documents\Visual Studio 2010\Projects\ZString\ZString\Debug\link.4784.read.1.tlog
\\viking\home\jvillegas\My Documents\Visual Studio 2010\Projects\ZString\ZString\Debug\link.4784.write.1.tlog
\\viking\home\jvillegas\My Documents\Visual Studio 2010\Projects\ZString\ZString\Debug\link.4784-cvtres.read.1.tlog
\\viking\home\jvillegas\My Documents\Visual Studio 2010\Projects\ZString\ZString\Debug\link.4784-cvtres.write.1.tlog
\\viking\home\jvillegas\My Documents\Visual Studio 2010\Projects\ZString\ZString\Debug\link.command.1.tlog
\\viking\home\jvillegas\My Documents\Visual Studio 2010\Projects\ZString\ZString\Debug\link.read.1.tlog
\\viking\home\jvillegas\My Documents\Visual Studio 2010\Projects\ZString\ZString\Debug\link.write.1.tlog
\\viking\home\jvillegas\My Documents\Visual Studio 2010\Projects\ZString\ZString\Debug\link-cvtres.read.1.tlog
\\viking\home\jvillegas\My Documents\Visual Studio 2010\Projects\ZString\ZString\Debug\link-cvtres.write.1.tlog
\\viking\home\jvillegas\My Documents\Visual Studio 2010\Projects\ZString\ZString\Debug\main.obj
\\viking\home\jvillegas\My Documents\Visual Studio 2010\Projects\ZString\ZString\Debug\mt.command.1.tlog
\\viking\home\jvillegas\My Documents\Visual Studio 2010\Projects\ZString\ZString\Debug\mt.read.1.tlog
\\viking\home\jvillegas\My Documents\Visual Studio 2010\Projects\ZString\ZString\Debug\mt.write.1.tlog
\\viking\home\jvillegas\My Documents\Visual Studio 2010\Projects\ZString\ZString\Debug\rc.command.1.tlog
\\viking\home\jvillegas\My Documents\Visual Studio 2010\Projects\ZString\ZString\Debug\rc.read.1.tlog
\\viking\home\jvillegas\My Documents\Visual Studio 2010\Projects\ZString\ZString\Debug\rc.write.1.tlog
\\VIKING\HOME\JVILLEGAS\MY DOCUMENTS\VISUAL STUDIO 2010\PROJECTS\ZSTRING\ZSTRING\DEBUG\STRING.OBJ
\\viking\home\jvillegas\My Documents\Visual Studio 2010\Projects\ZString\ZString\Debug\vc100.idb
\\VIKING\HOME\JVILLEGAS\MY DOCUMENTS\VISUAL STUDIO 2010\PROJECTS\ZSTRING\ZSTRING\DEBUG\VC100.PDB
\\viking\home\jvillegas\My Documents\Visual Studio 2010\Projects\ZString\ZString\Debug\ZString.exe.embed.manifest
\\viking\home\jvillegas\My Documents\Visual Studio 2010\Projects\ZString\ZString\Debug\ZString.exe.embed.manifest.res
\\viking\home\jvillegas\My Documents\Visual Studio 2010\Projects\ZString\ZString\Debug\ZString.exe.intermediate.manifest
\\viking\home\jvillegas\My Documents\Visual Studio 2010\Projects\ZString\ZString\Debug\ZString_manifest.rc
